sept.-29 14:52:03.240 [main] DEBUG nextflow.cli.Launcher - $> nextflow run MY_WORKFLOW -profile test,docker
sept.-29 14:52:03.360 [main] INFO  nextflow.cli.CmdRun - N E X T F L O W  ~  version 19.07.0
sept.-29 14:52:03.460 [main] DEBUG nextflow.scm.AssetManager - Listing projects in folder: /home/jean/.nextflow/assets
sept.-29 14:52:03.470 [main] INFO  nextflow.cli.CmdRun - Pulling nextflow-io/MY_WORKFLOW ...
sept.-29 14:52:03.471 [main] DEBUG nextflow.scm.RepositoryProvider - Request [credentials -:-] -> https://api.github.com/repos/nextflow-io/MY_WORKFLOW/contents/nextflow.config
sept.-29 14:52:04.087 [main] DEBUG nextflow.scm.AssetManager - Project manifest does not exist: https://api.github.com/repos/nextflow-io/MY_WORKFLOW/contents/nextflow.config
sept.-29 14:52:04.099 [main] DEBUG nextflow.scm.RepositoryProvider - Request [credentials -:-] -> https://api.github.com/repos/nextflow-io/MY_WORKFLOW/contents/main.nf
sept.-29 14:52:04.339 [main] DEBUG nextflow.scm.RepositoryProvider - Request [credentials -:-] -> https://api.github.com/repos/nextflow-io/MY_WORKFLOW
sept.-29 14:52:04.626 [main] DEBUG nextflow.cli.Launcher - Operation aborted
java.io.FileNotFoundException: https://api.github.com/repos/nextflow-io/MY_WORKFLOW
	at sun.reflect.NativeConstructorAccessorImpl.newInstance0(Native Method)
	at sun.reflect.NativeConstructorAccessorImpl.newInstance(NativeConstructorAccessorImpl.java:62)
	at sun.reflect.DelegatingConstructorAccessorImpl.newInstance(DelegatingConstructorAccessorImpl.java:45)
	at java.lang.reflect.Constructor.newInstance(Constructor.java:423)
	at sun.net.www.protocol.http.HttpURLConnection$10.run(HttpURLConnection.java:1950)
	at sun.net.www.protocol.http.HttpURLConnection$10.run(HttpURLConnection.java:1945)
	at java.security.AccessController.doPrivileged(Native Method)
	at sun.net.www.protocol.http.HttpURLConnection.getChainedException(HttpURLConnection.java:1944)
	at sun.net.www.protocol.http.HttpURLConnection.getInputStream0(HttpURLConnection.java:1514)
	at sun.net.www.protocol.http.HttpURLConnection.getInputStream(HttpURLConnection.java:1498)
	at sun.net.www.protocol.https.HttpsURLConnectionImpl.getInputStream(HttpsURLConnectionImpl.java:268)
	at nextflow.scm.RepositoryProvider.invoke(RepositoryProvider.groovy:109)
	at nextflow.scm.RepositoryProvider.memoizedMethodPriv$invokeAndParseResponseString(RepositoryProvider.groovy:170)
	at sun.reflect.NativeMethodAccessorImpl.invoke0(Native Method)
	at sun.reflect.NativeMethodAccessorImpl.invoke(NativeMethodAccessorImpl.java:62)
	at sun.reflect.DelegatingMethodAccessorImpl.invoke(DelegatingMethodAccessorImpl.java:43)
	at java.lang.reflect.Method.invoke(Method.java:498)
	at org.codehaus.groovy.reflection.CachedMethod.invoke(CachedMethod.java:101)
	at groovy.lang.MetaMethod.doMethodInvoke(MetaMethod.java:323)
	at groovy.lang.MetaClassImpl.invokeMethod(MetaClassImpl.java:1217)
	at groovy.lang.MetaClassImpl.invokeMethod(MetaClassImpl.java:1041)
	at org.codehaus.groovy.runtime.InvokerHelper.invokePogoMethod(InvokerHelper.java:1011)
	at org.codehaus.groovy.runtime.InvokerHelper.invokeMethod(InvokerHelper.java:994)
	at org.codehaus.groovy.runtime.InvokerHelper.invokeMethodSafe(InvokerHelper.java:97)
	at nextflow.scm.RepositoryProvider$_closure1.doCall(RepositoryProvider.groovy)
	at sun.reflect.NativeMethodAccessorImpl.invoke0(Native Method)
	at sun.reflect.NativeMethodAccessorImpl.invoke(NativeMethodAccessorImpl.java:62)
	at sun.reflect.DelegatingMethodAccessorImpl.invoke(DelegatingMethodAccessorImpl.java:43)
	at java.lang.reflect.Method.invoke(Method.java:498)
	at org.codehaus.groovy.reflection.CachedMethod.invoke(CachedMethod.java:101)
	at groovy.lang.MetaMethod.doMethodInvoke(MetaMethod.java:323)
	at org.codehaus.groovy.runtime.metaclass.ClosureMetaClass.invokeMethod(ClosureMetaClass.java:263)
	at groovy.lang.MetaClassImpl.invokeMethod(MetaClassImpl.java:1041)
	at groovy.lang.Closure.call(Closure.java:405)
	at org.codehaus.groovy.runtime.memoize.Memoize$MemoizeFunction$1.provide(Memoize.java:139)
	at org.codehaus.groovy.runtime.memoize.ConcurrentCommonCache.getAndPut(ConcurrentCommonCache.java:147)
	at org.codehaus.groovy.runtime.memoize.ConcurrentCommonCache.getAndPut(ConcurrentCommonCache.java:123)
	at org.codehaus.groovy.runtime.memoize.Memoize$MemoizeFunction.call(Memoize.java:136)
	at groovy.lang.Closure.call(Closure.java:421)
	at nextflow.scm.RepositoryProvider.invokeAndParseResponse(RepositoryProvider.groovy)
	at nextflow.scm.RepositoryProvider.validateRepo(RepositoryProvider.groovy:208)
	at nextflow.scm.RepositoryProvider.validateFor(RepositoryProvider.groovy:201)
	at nextflow.scm.AssetManager.checkValidRemoteRepo(AssetManager.groovy:357)
	at nextflow.scm.AssetManager.download(AssetManager.groovy:564)
	at nextflow.scm.AssetManager.download(AssetManager.groovy)
	at nextflow.cli.CmdRun.getScriptFile(CmdRun.groovy:306)
	at nextflow.cli.CmdRun.run(CmdRun.groovy:219)
	at nextflow.cli.Launcher.run(Launcher.groovy:451)
	at nextflow.cli.Launcher.main(Launcher.groovy:633)
Caused by: java.io.FileNotFoundException: https://api.github.com/repos/nextflow-io/MY_WORKFLOW
	at sun.net.www.protocol.http.HttpURLConnection.getInputStream0(HttpURLConnection.java:1896)
	at sun.net.www.protocol.http.HttpURLConnection.getInputStream(HttpURLConnection.java:1498)
	at java.net.HttpURLConnection.getResponseCode(HttpURLConnection.java:480)
	at sun.net.www.protocol.https.HttpsURLConnectionImpl.getResponseCode(HttpsURLConnectionImpl.java:352)
	at nextflow.scm.RepositoryProvider.checkResponse(RepositoryProvider.groovy:138)
	at nextflow.scm.RepositoryProvider.invoke(RepositoryProvider.groovy:106)
	... 37 common frames omitted
